<?xml version="1.0" encoding="UTF-8"?>
<testng-results skipped="0" failed="0" ignored="0" total="2" passed="2">
  <reporter-output>
  </reporter-output>
  <suite name="接口测试套件" duration-ms="887" started-at="2019-10-31T07:27:29Z" finished-at="2019-10-31T07:27:30Z">
    <groups>
    </groups>
    <test name="登录测试用例" duration-ms="887" started-at="2019-10-31T07:27:29Z" finished-at="2019-10-31T07:27:30Z">
      <class name="apitest.cases.LoginTest">
        <test-method status="PASS" signature="beforeTest()[pri:0, instance:apitest.cases.LoginTest@5594a1b5]" name="beforeTest" is-config="true" duration-ms="66" started-at="2019-10-31T15:27:29Z" description="娴嬭瘯鍑嗗宸ヤ綔,鑾峰彇HttpClient瀵硅薄" finished-at="2019-10-31T15:27:29Z">
          <reporter-output>
          </reporter-output>
        </test-method> <!-- beforeTest -->
        <test-method status="PASS" signature="login(java.lang.String, java.lang.String, java.lang.String)[pri:0, instance:apitest.cases.LoginTest@5594a1b5]" name="login" duration-ms="636" started-at="2019-10-31T15:27:29Z" description="鐢ㄦ埛鐧诲綍鎺ュ彛" data-provider="loginData" finished-at="2019-10-31T15:27:30Z">
          <params>
            <param index="0">
              <value>
                <![CDATA[admin]]>
              </value>
            </param>
            <param index="1">
              <value>
                <![CDATA[admin123456]]>
              </value>
            </param>
            <param index="2">
              <value>
                <![CDATA[login success]]>
              </value>
            </param>
          </params>
          <reporter-output>
          </reporter-output>
        </test-method> <!-- login -->
        <test-method status="PASS" signature="login(java.lang.String, java.lang.String, java.lang.String)[pri:0, instance:apitest.cases.LoginTest@5594a1b5]" name="login" duration-ms="171" started-at="2019-10-31T15:27:30Z" description="鐢ㄦ埛鐧诲綍鎺ュ彛" data-provider="loginData" finished-at="2019-10-31T15:27:30Z">
          <params>
            <param index="0">
              <value>
                <![CDATA[admin]]>
              </value>
            </param>
            <param index="1">
              <value>
                <![CDATA[admin1234567]]>
              </value>
            </param>
            <param index="2">
              <value>
                <![CDATA[username or password error]]>
              </value>
            </param>
          </params>
          <reporter-output>
          </reporter-output>
        </test-method> <!-- login -->
      </class> <!-- apitest.cases.LoginTest -->
    </test> <!-- 登录测试用例 -->
  </suite> <!-- 接口测试套件 -->
</testng-results>
